<?xml version="1.0" encoding="UTF-8"?>
<!-- Generated by org.testng.reporters.JUnitXMLReporter -->
<testsuite ignored="0" hostname="LAPTOP-83CCB6T5" failures="0" tests="1" name="Test-Runner-Firefox" time="31.967" errors="0" timestamp="2024-03-13T11:39:48 IST">
  <testcase classname="contactsTests.CreateContactWithLeadSourceTest" name="createContactWithMandatoryfields" time="6.834"/>
</testsuite> <!-- Test-Runner-Firefox -->
