<?xml version="1.0" encoding="UTF-8"?>
<!-- Generated by org.testng.reporters.JUnitXMLReporter -->
<testsuite ignored="0" hostname="LAPTOP-83CCB6T5" failures="0" tests="1" name="Test-Runner-Edge" time="20.421" errors="0" timestamp="2024-03-13T11:39:37 IST">
  <testcase classname="contactsTests.CreateNewContactTest" name="createContactWithMandatoryfields" time="7.34"/>
</testsuite> <!-- Test-Runner-Edge -->
