<?xml version="1.0" encoding="UTF-8"?>
<!-- Generated by org.testng.reporters.JUnitXMLReporter -->
<testsuite ignored="0" hostname="LAPTOP-83CCB6T5" failures="0" tests="1" name="Test-Runner-1" time="16.018" errors="0" timestamp="2024-03-13T10:44:47 IST">
  <testcase classname="contactsTests.CreateNewContactTest" name="createContactWithMandatoryfields" time="7.576"/>
</testsuite> <!-- Test-Runner-1 -->
