<?xml version="1.0" encoding="UTF-8"?>
<!-- Generated by org.testng.reporters.JUnitReportReporter -->
<testsuite hostname="LAPTOP-83CCB6T5" failures="0" tests="1" name="contactsTests.CreateContactWithLeadSourceTest" time="8.517" errors="0" timestamp="2024-03-18T14:57:57 IST" skipped="0">
  <testcase classname="contactsTests.CreateContactWithLeadSourceTest" name="createContactWithMandatoryfields" time="8.517"/>
</testsuite> <!-- contactsTests.CreateContactWithLeadSourceTest -->
