<?xml version="1.0" encoding="UTF-8"?>
<!-- Generated by org.testng.reporters.JUnitReportReporter -->
<testsuite hostname="LAPTOP-83CCB6T5" failures="0" tests="3" name="practice.TestNgPractice" time="0.016" errors="0" timestamp="2024-03-05T11:51:18 IST" skipped="0">
  <testcase classname="practice.TestNgPractice" name="modifyCustomer" time="0.012"/>
  <system-out/>
  <testcase classname="practice.TestNgPractice" name="deleteCustomer" time="0.003"/>
  <system-out/>
  <testcase classname="practice.TestNgPractice" name="createCustomer" time="0.001"/>
  <system-out/>
</testsuite> <!-- practice.TestNgPractice -->
