<?xml version="1.0" encoding="UTF-8"?>
<!-- Generated by org.testng.reporters.JUnitReportReporter -->
<testsuite hostname="LAPTOP-83CCB6T5" failures="0" tests="3" name="practice.TestNgPractice_InvocationCount" time="0.015" errors="0" timestamp="2024-03-06T10:33:38 IST" skipped="1">
  <testcase classname="practice.TestNgPractice_InvocationCount" name="createCustomer" time="0.002"/>
  <system-out/>
  <testcase classname="practice.TestNgPractice_InvocationCount" name="createCustomer" time="0.013"/>
  <system-out/>
  <testcase classname="practice.TestNgPractice_InvocationCount" name="deleteCustomer">
    <skipped/>
  </testcase> <!-- deleteCustomer -->
  <system-out/>
</testsuite> <!-- practice.TestNgPractice_InvocationCount -->
