<?xml version="1.0" encoding="UTF-8"?>
<!-- Generated by org.testng.reporters.JUnitReportReporter -->
<testsuite hostname="LAPTOP-83CCB6T5" failures="0" tests="1" name="contactsTests.CreateNewContactTest" time="9.728" errors="0" timestamp="2024-03-18T11:42:22 IST" skipped="0">
  <testcase classname="contactsTests.CreateNewContactTest" name="createContactWithMandatoryfields" time="9.728"/>
</testsuite> <!-- contactsTests.CreateNewContactTest -->
