<?xml version="1.0" encoding="UTF-8"?>
<!-- Generated by org.testng.reporters.JUnitReportReporter -->
<testsuite hostname="LAPTOP-83CCB6T5" failures="0" tests="1" name="contactsTests.CreateNewContactTestWithBaseClass" time="9.153" errors="0" timestamp="2024-03-07T11:23:02 IST" skipped="0">
  <testcase classname="contactsTests.CreateNewContactTestWithBaseClass" name="createContactWithMandatoryfields" time="9.153"/>
</testsuite> <!-- contactsTests.CreateNewContactTestWithBaseClass -->
